2016-06-08 11:44:43 - MOD: Modification Default
FILE: system/engine/action.php
REGEX: ~(require|include)(_once)?\(([^)]+)~
LINE: 58
FILE: system/engine/loader.php
REGEX: ~(require|include)(_once)?\(([^)]+)~
LINE: 20
LINE: 37
LINE: 54
LINE: 65
FILE: system/library/config.php
REGEX: ~(require|include)(_once)?\(([^)]+)~
LINE: 23
FILE: system/library/language.php
REGEX: ~(require|include)(_once)?\(([^)]+)~
LINE: 21
LINE: 27
----------------------------------------------------------------
MOD: AJAX live search
FILE: catalog/controller/common/header.php
CODE: $data['search'] = $this->load->controller('common/search');
LINE: 311
FILE: catalog/view/theme/default/template/common/header.tpl
CODE: </head>
LINE: 159
FILE: catalog/view/theme/giaydep/template/common/header.tpl
CODE: </head>
LINE: 164
----------------------------------------------------------------
MOD: Export/Import Tool (V3.2) for OpenCart 2.x
FILE: admin/controller/common/menu.php
CODE: $data['text_backup'] = $this->language->get('text_backup');
LINE: 12
CODE: $data['backup'] = $this->url->link('tool/backup', 'token=' . $this->session->data['token'],
LINE: 118
FILE: admin/language/english/common/menu.php
CODE: $_['text_backup']
LINE: 9
FILE: admin/language/vietnamese/common/menu.php
CODE: $_['text_backup']
LINE: 9
FILE: admin/view/template/common/menu.tpl
CODE: <li><a href="<?php echo $backup; ?>"><?php echo $text_backup; ?></a></li>
LINE: 160
----------------------------------------------------------------
MOD: Local copy OCMOD by iSenseLabs
FILE: admin/controller/extension/installer.php
CODE: 'url'  => str_replace('&amp;', '&', $this->url->link('extension/installer/ftp', 'token=' . $this->session->data['token'],
LINE: 132
CODE: public function unzip() {
LINE: 293
----------------------------------------------------------------
2016-06-08 11:47:12 - MOD: Modification Default
FILE: system/engine/action.php
REGEX: ~(require|include)(_once)?\(([^)]+)~
LINE: 58
FILE: system/engine/loader.php
REGEX: ~(require|include)(_once)?\(([^)]+)~
LINE: 20
LINE: 37
LINE: 54
LINE: 65
FILE: system/library/config.php
REGEX: ~(require|include)(_once)?\(([^)]+)~
LINE: 23
FILE: system/library/language.php
REGEX: ~(require|include)(_once)?\(([^)]+)~
LINE: 21
LINE: 27
----------------------------------------------------------------
MOD: AJAX live search
FILE: catalog/controller/common/header.php
CODE: $data['search'] = $this->load->controller('common/search');
LINE: 311
FILE: catalog/view/theme/default/template/common/header.tpl
CODE: </head>
LINE: 159
FILE: catalog/view/theme/giaydep/template/common/header.tpl
CODE: </head>
LINE: 164
----------------------------------------------------------------
MOD: Export/Import Tool (V3.2) for OpenCart 2.x
FILE: admin/controller/common/menu.php
CODE: $data['text_backup'] = $this->language->get('text_backup');
LINE: 12
CODE: $data['backup'] = $this->url->link('tool/backup', 'token=' . $this->session->data['token'],
LINE: 118
FILE: admin/language/english/common/menu.php
CODE: $_['text_backup']
LINE: 9
FILE: admin/language/vietnamese/common/menu.php
CODE: $_['text_backup']
LINE: 9
FILE: admin/view/template/common/menu.tpl
CODE: <li><a href="<?php echo $backup; ?>"><?php echo $text_backup; ?></a></li>
LINE: 160
----------------------------------------------------------------
MOD: Local copy OCMOD by iSenseLabs
FILE: admin/controller/extension/installer.php
CODE: 'url'  => str_replace('&amp;', '&', $this->url->link('extension/installer/ftp', 'token=' . $this->session->data['token'],
LINE: 132
CODE: public function unzip() {
LINE: 293
----------------------------------------------------------------
2016-06-08 11:47:46 - MOD: Modification Default
FILE: system/engine/action.php
REGEX: ~(require|include)(_once)?\(([^)]+)~
LINE: 58
FILE: system/engine/loader.php
REGEX: ~(require|include)(_once)?\(([^)]+)~
LINE: 20
LINE: 37
LINE: 54
LINE: 65
FILE: system/library/config.php
REGEX: ~(require|include)(_once)?\(([^)]+)~
LINE: 23
FILE: system/library/language.php
REGEX: ~(require|include)(_once)?\(([^)]+)~
LINE: 21
LINE: 27
----------------------------------------------------------------
MOD: AJAX live search
FILE: catalog/controller/common/header.php
CODE: $data['search'] = $this->load->controller('common/search');
LINE: 311
FILE: catalog/view/theme/default/template/common/header.tpl
CODE: </head>
LINE: 159
FILE: catalog/view/theme/giaydep/template/common/header.tpl
CODE: </head>
LINE: 164
----------------------------------------------------------------
MOD: Export/Import Tool (V3.2) for OpenCart 2.x
FILE: admin/controller/common/menu.php
CODE: $data['text_backup'] = $this->language->get('text_backup');
LINE: 12
CODE: $data['backup'] = $this->url->link('tool/backup', 'token=' . $this->session->data['token'],
LINE: 118
FILE: admin/language/english/common/menu.php
CODE: $_['text_backup']
LINE: 9
FILE: admin/language/vietnamese/common/menu.php
CODE: $_['text_backup']
LINE: 9
FILE: admin/view/template/common/menu.tpl
CODE: <li><a href="<?php echo $backup; ?>"><?php echo $text_backup; ?></a></li>
LINE: 160
----------------------------------------------------------------
MOD: Local copy OCMOD by iSenseLabs
FILE: admin/controller/extension/installer.php
CODE: 'url'  => str_replace('&amp;', '&', $this->url->link('extension/installer/ftp', 'token=' . $this->session->data['token'],
LINE: 132
CODE: public function unzip() {
LINE: 293
----------------------------------------------------------------
2016-06-08 11:47:46 - MOD: Modification Default
FILE: system/engine/action.php
REGEX: ~(require|include)(_once)?\(([^)]+)~
LINE: 58
FILE: system/engine/loader.php
REGEX: ~(require|include)(_once)?\(([^)]+)~
LINE: 20
LINE: 37
LINE: 54
LINE: 65
FILE: system/library/config.php
REGEX: ~(require|include)(_once)?\(([^)]+)~
LINE: 23
FILE: system/library/language.php
REGEX: ~(require|include)(_once)?\(([^)]+)~
LINE: 21
LINE: 27
----------------------------------------------------------------
MOD: AJAX live search
FILE: catalog/controller/common/header.php
CODE: $data['search'] = $this->load->controller('common/search');
LINE: 311
FILE: catalog/view/theme/default/template/common/header.tpl
CODE: </head>
LINE: 159
FILE: catalog/view/theme/giaydep/template/common/header.tpl
CODE: </head>
LINE: 164
----------------------------------------------------------------
MOD: Export/Import Tool (V3.2) for OpenCart 2.x
FILE: admin/controller/common/menu.php
CODE: $data['text_backup'] = $this->language->get('text_backup');
LINE: 12
CODE: $data['backup'] = $this->url->link('tool/backup', 'token=' . $this->session->data['token'],
LINE: 118
FILE: admin/language/english/common/menu.php
CODE: $_['text_backup']
LINE: 9
FILE: admin/language/vietnamese/common/menu.php
CODE: $_['text_backup']
LINE: 9
FILE: admin/view/template/common/menu.tpl
CODE: <li><a href="<?php echo $backup; ?>"><?php echo $text_backup; ?></a></li>
LINE: 160
----------------------------------------------------------------
MOD: Local copy OCMOD by iSenseLabs
FILE: admin/controller/extension/installer.php
CODE: 'url'  => str_replace('&amp;', '&', $this->url->link('extension/installer/ftp', 'token=' . $this->session->data['token'],
LINE: 132
CODE: public function unzip() {
LINE: 293
----------------------------------------------------------------
2016-06-08 11:47:46 - MOD: Modification Default
FILE: system/engine/action.php
REGEX: ~(require|include)(_once)?\(([^)]+)~
LINE: 58
FILE: system/engine/loader.php
REGEX: ~(require|include)(_once)?\(([^)]+)~
LINE: 20
LINE: 37
LINE: 54
LINE: 65
FILE: system/library/config.php
REGEX: ~(require|include)(_once)?\(([^)]+)~
LINE: 23
FILE: system/library/language.php
REGEX: ~(require|include)(_once)?\(([^)]+)~
LINE: 21
LINE: 27
----------------------------------------------------------------
MOD: AJAX live search
FILE: catalog/controller/common/header.php
CODE: $data['search'] = $this->load->controller('common/search');
LINE: 311
FILE: catalog/view/theme/default/template/common/header.tpl
CODE: </head>
LINE: 159
FILE: catalog/view/theme/giaydep/template/common/header.tpl
CODE: </head>
LINE: 164
----------------------------------------------------------------
MOD: Export/Import Tool (V3.2) for OpenCart 2.x
FILE: admin/controller/common/menu.php
CODE: $data['text_backup'] = $this->language->get('text_backup');
LINE: 12
CODE: $data['backup'] = $this->url->link('tool/backup', 'token=' . $this->session->data['token'],
LINE: 118
FILE: admin/language/english/common/menu.php
CODE: $_['text_backup']
LINE: 9
FILE: admin/language/vietnamese/common/menu.php
CODE: $_['text_backup']
LINE: 9
FILE: admin/view/template/common/menu.tpl
CODE: <li><a href="<?php echo $backup; ?>"><?php echo $text_backup; ?></a></li>
LINE: 160
----------------------------------------------------------------
MOD: Local copy OCMOD by iSenseLabs
FILE: admin/controller/extension/installer.php
CODE: 'url'  => str_replace('&amp;', '&', $this->url->link('extension/installer/ftp', 'token=' . $this->session->data['token'],
LINE: 132
CODE: public function unzip() {
LINE: 293
----------------------------------------------------------------
